2021-09-22 10:30:39 -  - exec CUpdateClientPartner::__CollectRequestData
2021-09-22 10:30:39 -  - exec CUpdateClientPartner::GetHTTPPage
2021-09-22 10:30:40 -  - exec CUpdateClientPartner::ParseServerData
2021-09-22 10:30:40 -  - exec CUpdateClientPartner::GetUpdatesList
2021-09-22 10:30:40 -  - exec CUpdateClientPartner::__CollectRequestData
2021-09-22 10:30:40 -  - utf=Y&lang=ru&stable=Y&CANGZIP=Y&SUPD_DBS=MYSQL&XE=N&CLIENT_SITE=localhost&LICENSE_KEY=X&SUPD_STS=1&SUPD_URS=0&SUPD_URSA=1&TYPENC=D&CLIENT_PHPVER=7.4.14&NGINX=Y&dbv=5.7.29&instm=main%2C21.400.100%2CY%3Bb24connector%2C21.0.0%2CN%3Bbitrix.sitecorporate%2C15.5.0%2CN%3Bbitrix.siteinfoportal%2C15.5.0%2CN%3Bbitrix.sitepersonal%2C15.5.0%2CN%3Bbitrixcloud%2C21.0.0%2CN%3Bblog%2C21.200.0%2CN%3Bclouds%2C21.100.0%2CN%3Bfileman%2C21.200.0%2CN%3Bform%2C21.0.0%2CN%3Bforum%2C21.100.0%2CN%3Bhighloadblock%2C21.100.0%2CN%3Biblock%2C21.400.100%2CN%3Blanding%2C21.300.300%2CN%3Bmessageservice%2C21.100.0%2CN%3Bmobileapp%2C21.0.50%2CN%3Bperfmon%2C21.0.0%2CN%3Bphotogallery%2C21.0.0%2CN%3Brest%2C21.200.0%2CN%3Bscale%2C21.0.0%2CN%3Bsearch%2C21.0.100%2CN%3Bsecurity%2C21.0.0%2CN%3Bseo%2C21.300.0%2CN%3Bsocialservices%2C21.100.0%2CN%3Bsubscribe%2C21.0.0%2CN%3Btranslate%2C21.100.0%2CN%3Bui%2C21.300.0%2CN%3Bvote%2C21.0.0%2CN&reqm=bitrix.sitecorporate%2Cbitrix.siteinfoportal%2Cbitrix.sitepersonal&fullmoduleinfo=Y&SUPD_SRS=RU&SUPD_CMP=N
2021-09-22 10:30:40 -  - exec CUpdateClientPartner::GetHTTPPage
2021-09-22 10:30:40 -  - TIME GetUpdatesList(request) 0.324 sec
2021-09-22 10:30:40 -  - exec CUpdateClientPartner::ParseServerData
2021-09-22 10:30:40 -  - exec CUpdateClientPartner::__CollectRequestData
2021-09-22 10:30:40 -  - exec CUpdateClientPartner::GetHTTPPage
2021-09-22 10:30:40 -  - exec CUpdateClientPartner::ParseServerData
2021-09-23 10:32:59 -  - exec CUpdateClientPartner::__CollectRequestData
2021-09-23 10:32:59 -  - exec CUpdateClientPartner::GetHTTPPage
2021-09-23 10:32:59 -  - exec CUpdateClientPartner::ParseServerData
2021-09-23 10:32:59 -  - exec CUpdateClientPartner::GetUpdatesList
2021-09-23 10:32:59 -  - exec CUpdateClientPartner::__CollectRequestData
2021-09-23 10:32:59 -  - utf=Y&lang=ru&stable=Y&CANGZIP=Y&SUPD_DBS=MYSQL&XE=N&CLIENT_SITE=localhost&LICENSE_KEY=X&SUPD_STS=1&SUPD_URS=0&SUPD_URSA=1&TYPENC=D&CLIENT_PHPVER=7.4.14&NGINX=Y&dbv=5.7.29&instm=main%2C21.400.100%2CY%3Bb24connector%2C21.0.0%2CN%3Bbitrix.sitecorporate%2C15.5.0%2CN%3Bbitrix.siteinfoportal%2C15.5.0%2CN%3Bbitrix.sitepersonal%2C15.5.0%2CN%3Bbitrixcloud%2C21.0.0%2CN%3Bblog%2C21.200.0%2CN%3Bclouds%2C21.100.0%2CN%3Bfileman%2C21.200.0%2CN%3Bform%2C21.0.0%2CN%3Bforum%2C21.100.0%2CN%3Bhighloadblock%2C21.100.0%2CN%3Biblock%2C21.400.100%2CN%3Blanding%2C21.300.300%2CN%3Bmessageservice%2C21.100.0%2CN%3Bmobileapp%2C21.0.50%2CN%3Bperfmon%2C21.0.0%2CN%3Bphotogallery%2C21.0.0%2CN%3Brest%2C21.200.0%2CN%3Bscale%2C21.0.0%2CN%3Bsearch%2C21.0.100%2CN%3Bsecurity%2C21.0.0%2CN%3Bseo%2C21.300.0%2CN%3Bsocialservices%2C21.100.0%2CN%3Bsubscribe%2C21.0.0%2CN%3Btranslate%2C21.100.0%2CN%3Bui%2C21.300.0%2CN%3Bvote%2C21.0.0%2CN&reqm=bitrix.sitecorporate%2Cbitrix.siteinfoportal%2Cbitrix.sitepersonal&fullmoduleinfo=Y&SUPD_SRS=RU&SUPD_CMP=N
2021-09-23 10:32:59 -  - exec CUpdateClientPartner::GetHTTPPage
2021-09-23 10:33:01 -  - TIME GetUpdatesList(request) 1.471 sec
2021-09-23 10:33:01 -  - exec CUpdateClientPartner::ParseServerData
2021-09-23 10:33:01 -  - exec CUpdateClientPartner::__CollectRequestData
2021-09-23 10:33:01 -  - exec CUpdateClientPartner::GetHTTPPage
2021-09-23 10:33:01 -  - exec CUpdateClientPartner::ParseServerData
2021-09-24 10:47:42 -  - exec CUpdateClientPartner::__CollectRequestData
2021-09-24 10:47:42 -  - exec CUpdateClientPartner::GetHTTPPage
2021-09-24 10:47:42 -  - exec CUpdateClientPartner::ParseServerData
2021-09-24 10:47:42 -  - exec CUpdateClientPartner::GetUpdatesList
2021-09-24 10:47:42 -  - exec CUpdateClientPartner::__CollectRequestData
2021-09-24 10:47:42 -  - utf=Y&lang=ru&stable=Y&CANGZIP=Y&SUPD_DBS=MYSQL&XE=N&CLIENT_SITE=localhost&LICENSE_KEY=X&SUPD_STS=1&SUPD_URS=0&SUPD_URSA=1&TYPENC=D&CLIENT_PHPVER=7.4.14&NGINX=Y&dbv=5.7.29&instm=main%2C21.400.100%2CY%3Bb24connector%2C21.0.0%2CN%3Bbitrix.sitecorporate%2C15.5.0%2CN%3Bbitrix.siteinfoportal%2C15.5.0%2CN%3Bbitrix.sitepersonal%2C15.5.0%2CN%3Bbitrixcloud%2C21.0.0%2CN%3Bblog%2C21.200.0%2CN%3Bclouds%2C21.100.0%2CN%3Bfileman%2C21.200.0%2CN%3Bform%2C21.0.0%2CN%3Bforum%2C21.100.0%2CN%3Bhighloadblock%2C21.100.0%2CN%3Biblock%2C21.400.100%2CN%3Blanding%2C21.300.300%2CN%3Bmessageservice%2C21.100.0%2CN%3Bmobileapp%2C21.0.50%2CN%3Bperfmon%2C21.0.0%2CN%3Bphotogallery%2C21.0.0%2CN%3Brest%2C21.200.0%2CN%3Bscale%2C21.0.0%2CN%3Bsearch%2C21.0.100%2CN%3Bsecurity%2C21.0.0%2CN%3Bseo%2C21.300.0%2CN%3Bsocialservices%2C21.100.0%2CN%3Bsubscribe%2C21.0.0%2CN%3Btranslate%2C21.100.0%2CN%3Bui%2C21.300.0%2CN%3Bvote%2C21.0.0%2CN&reqm=bitrix.sitecorporate%2Cbitrix.siteinfoportal%2Cbitrix.sitepersonal&fullmoduleinfo=Y&SUPD_SRS=RU&SUPD_CMP=N
2021-09-24 10:47:42 -  - exec CUpdateClientPartner::GetHTTPPage
2021-09-24 10:47:43 -  - TIME GetUpdatesList(request) 0.293 sec
2021-09-24 10:47:43 -  - exec CUpdateClientPartner::ParseServerData
2021-09-24 10:47:43 -  - exec CUpdateClientPartner::__CollectRequestData
2021-09-24 10:47:43 -  - exec CUpdateClientPartner::GetHTTPPage
2021-09-24 10:47:43 -  - exec CUpdateClientPartner::ParseServerData
2021-09-27 08:12:56 -  - exec CUpdateClientPartner::__CollectRequestData
2021-09-27 08:12:56 -  - exec CUpdateClientPartner::GetHTTPPage
2021-09-27 08:12:57 -  - exec CUpdateClientPartner::ParseServerData
2021-09-27 08:12:57 -  - exec CUpdateClientPartner::GetUpdatesList
2021-09-27 08:12:57 -  - exec CUpdateClientPartner::__CollectRequestData
2021-09-27 08:12:57 -  - utf=Y&lang=ru&stable=Y&CANGZIP=Y&SUPD_DBS=MYSQL&XE=N&CLIENT_SITE=localhost&LICENSE_KEY=X&SUPD_STS=1&SUPD_URS=0&SUPD_URSA=1&TYPENC=D&CLIENT_PHPVER=7.4.14&NGINX=Y&dbv=5.7.29&instm=main%2C21.400.100%2CY%3Bb24connector%2C21.0.0%2CN%3Bbitrix.sitecorporate%2C15.5.0%2CN%3Bbitrix.siteinfoportal%2C15.5.0%2CN%3Bbitrix.sitepersonal%2C15.5.0%2CN%3Bbitrixcloud%2C21.0.0%2CN%3Bblog%2C21.200.0%2CN%3Bclouds%2C21.100.0%2CN%3Bfileman%2C21.200.0%2CN%3Bform%2C21.0.0%2CN%3Bforum%2C21.100.0%2CN%3Bhighloadblock%2C21.100.0%2CN%3Biblock%2C21.400.100%2CN%3Blanding%2C21.300.300%2CN%3Bmessageservice%2C21.100.0%2CN%3Bmobileapp%2C21.0.50%2CN%3Bperfmon%2C21.0.0%2CN%3Bphotogallery%2C21.0.0%2CN%3Brest%2C21.200.0%2CN%3Bscale%2C21.0.0%2CN%3Bsearch%2C21.0.100%2CN%3Bsecurity%2C21.0.0%2CN%3Bseo%2C21.300.0%2CN%3Bsocialservices%2C21.100.0%2CN%3Bsubscribe%2C21.0.0%2CN%3Btranslate%2C21.100.0%2CN%3Bui%2C21.300.0%2CN%3Bvote%2C21.0.0%2CN&reqm=bitrix.sitecorporate%2Cbitrix.siteinfoportal%2Cbitrix.sitepersonal&fullmoduleinfo=Y&SUPD_SRS=RU&SUPD_CMP=N
2021-09-27 08:12:57 -  - exec CUpdateClientPartner::GetHTTPPage
2021-09-27 08:12:58 -  - TIME GetUpdatesList(request) 0.353 sec
2021-09-27 08:12:58 -  - exec CUpdateClientPartner::ParseServerData
2021-09-27 08:12:58 -  - exec CUpdateClientPartner::__CollectRequestData
2021-09-27 08:12:58 -  - exec CUpdateClientPartner::GetHTTPPage
2021-09-27 08:12:58 -  - exec CUpdateClientPartner::ParseServerData
2021-09-27 08:12:58 -  - exec CUpdateClientPartner::__CollectRequestData
2021-09-27 08:12:58 -  - exec CUpdateClientPartner::GetHTTPPage
2021-09-27 08:12:59 -  - exec CUpdateClientPartner::ParseServerData
2021-09-27 08:12:59 -  - exec CUpdateClientPartner::GetUpdatesList
2021-09-27 08:12:59 -  - exec CUpdateClientPartner::__CollectRequestData
2021-09-27 08:12:59 -  - utf=Y&lang=ru&stable=Y&CANGZIP=Y&SUPD_DBS=MYSQL&XE=N&CLIENT_SITE=localhost&LICENSE_KEY=X&SUPD_STS=1&SUPD_URS=0&SUPD_URSA=1&TYPENC=D&CLIENT_PHPVER=7.4.14&NGINX=Y&dbv=5.7.29&instm=main%2C21.400.100%2CY%3Bb24connector%2C21.0.0%2CN%3Bbitrix.sitecorporate%2C15.5.0%2CN%3Bbitrix.siteinfoportal%2C15.5.0%2CN%3Bbitrix.sitepersonal%2C15.5.0%2CN%3Bbitrixcloud%2C21.0.0%2CN%3Bblog%2C21.200.0%2CN%3Bclouds%2C21.100.0%2CN%3Bfileman%2C21.200.0%2CN%3Bform%2C21.0.0%2CN%3Bforum%2C21.100.0%2CN%3Bhighloadblock%2C21.100.0%2CN%3Biblock%2C21.400.100%2CN%3Blanding%2C21.300.300%2CN%3Bmessageservice%2C21.100.0%2CN%3Bmobileapp%2C21.0.50%2CN%3Bperfmon%2C21.0.0%2CN%3Bphotogallery%2C21.0.0%2CN%3Brest%2C21.200.0%2CN%3Bscale%2C21.0.0%2CN%3Bsearch%2C21.0.100%2CN%3Bsecurity%2C21.0.0%2CN%3Bseo%2C21.300.0%2CN%3Bsocialservices%2C21.100.0%2CN%3Bsubscribe%2C21.0.0%2CN%3Btranslate%2C21.100.0%2CN%3Bui%2C21.300.0%2CN%3Bvote%2C21.0.0%2CN&reqm=bitrix.sitecorporate%2Cbitrix.siteinfoportal%2Cbitrix.sitepersonal&fullmoduleinfo=Y&SUPD_SRS=RU&SUPD_CMP=N
2021-09-27 08:12:59 -  - exec CUpdateClientPartner::GetHTTPPage
2021-09-27 08:12:59 -  - TIME GetUpdatesList(request) 0.327 sec
2021-09-27 08:12:59 -  - exec CUpdateClientPartner::ParseServerData
2021-09-27 08:12:59 -  - exec CUpdateClientPartner::__CollectRequestData
2021-09-27 08:12:59 -  - exec CUpdateClientPartner::__CollectRequestData
2021-09-27 08:12:59 -  - exec CUpdateClientPartner::GetHTTPPage
2021-09-27 08:12:59 -  - exec CUpdateClientPartner::GetHTTPPage
2021-09-27 08:13:00 -  - exec CUpdateClientPartner::ParseServerData
2021-09-27 08:13:00 -  - exec CUpdateClientPartner::ParseServerData
2021-09-27 08:13:00 -  - exec CUpdateClientPartner::GetUpdatesList
2021-09-27 08:13:00 -  - exec CUpdateClientPartner::__CollectRequestData
2021-09-27 08:13:00 -  - utf=Y&lang=ru&stable=Y&CANGZIP=Y&SUPD_DBS=MYSQL&XE=N&CLIENT_SITE=localhost&LICENSE_KEY=X&SUPD_STS=1&SUPD_URS=0&SUPD_URSA=1&TYPENC=D&CLIENT_PHPVER=7.4.14&NGINX=Y&dbv=5.7.29&instm=main%2C21.400.100%2CY%3Bb24connector%2C21.0.0%2CN%3Bbitrix.sitecorporate%2C15.5.0%2CN%3Bbitrix.siteinfoportal%2C15.5.0%2CN%3Bbitrix.sitepersonal%2C15.5.0%2CN%3Bbitrixcloud%2C21.0.0%2CN%3Bblog%2C21.200.0%2CN%3Bclouds%2C21.100.0%2CN%3Bfileman%2C21.200.0%2CN%3Bform%2C21.0.0%2CN%3Bforum%2C21.100.0%2CN%3Bhighloadblock%2C21.100.0%2CN%3Biblock%2C21.400.100%2CN%3Blanding%2C21.300.300%2CN%3Bmessageservice%2C21.100.0%2CN%3Bmobileapp%2C21.0.50%2CN%3Bperfmon%2C21.0.0%2CN%3Bphotogallery%2C21.0.0%2CN%3Brest%2C21.200.0%2CN%3Bscale%2C21.0.0%2CN%3Bsearch%2C21.0.100%2CN%3Bsecurity%2C21.0.0%2CN%3Bseo%2C21.300.0%2CN%3Bsocialservices%2C21.100.0%2CN%3Bsubscribe%2C21.0.0%2CN%3Btranslate%2C21.100.0%2CN%3Bui%2C21.300.0%2CN%3Bvote%2C21.0.0%2CN&reqm=bitrix.sitecorporate%2Cbitrix.siteinfoportal%2Cbitrix.sitepersonal&fullmoduleinfo=Y&SUPD_SRS=RU&SUPD_CMP=N
2021-09-27 08:13:00 -  - exec CUpdateClientPartner::GetHTTPPage
2021-09-27 08:13:00 -  - TIME GetUpdatesList(request) 0.29 sec
2021-09-27 08:13:00 -  - exec CUpdateClientPartner::ParseServerData
2021-09-27 08:13:00 -  - exec CUpdateClientPartner::__CollectRequestData
2021-09-27 08:13:00 -  - exec CUpdateClientPartner::GetHTTPPage
2021-09-27 08:13:00 -  - exec CUpdateClientPartner::ParseServerData
2021-09-28 08:13:39 -  - exec CUpdateClientPartner::__CollectRequestData
2021-09-28 08:13:39 -  - exec CUpdateClientPartner::GetHTTPPage
2021-09-28 08:13:40 -  - exec CUpdateClientPartner::ParseServerData
2021-09-28 08:13:40 -  - exec CUpdateClientPartner::GetUpdatesList
2021-09-28 08:13:40 -  - exec CUpdateClientPartner::__CollectRequestData
2021-09-28 08:13:40 -  - utf=Y&lang=ru&stable=Y&CANGZIP=Y&SUPD_DBS=MYSQL&XE=N&CLIENT_SITE=localhost&LICENSE_KEY=X&SUPD_STS=1&SUPD_URS=0&SUPD_URSA=1&TYPENC=D&CLIENT_PHPVER=7.4.14&NGINX=Y&dbv=5.7.29&instm=main%2C21.400.100%2CY%3Bb24connector%2C21.0.0%2CN%3Bbitrix.sitecorporate%2C15.5.0%2CN%3Bbitrix.siteinfoportal%2C15.5.0%2CN%3Bbitrix.sitepersonal%2C15.5.0%2CN%3Bbitrixcloud%2C21.0.0%2CN%3Bblog%2C21.200.0%2CN%3Bclouds%2C21.100.0%2CN%3Bfileman%2C21.200.0%2CN%3Bform%2C21.0.0%2CN%3Bforum%2C21.100.0%2CN%3Bhighloadblock%2C21.100.0%2CN%3Biblock%2C21.400.100%2CN%3Blanding%2C21.300.300%2CN%3Bmessageservice%2C21.100.0%2CN%3Bmobileapp%2C21.0.50%2CN%3Bperfmon%2C21.0.0%2CN%3Bphotogallery%2C21.0.0%2CN%3Brest%2C21.200.0%2CN%3Bscale%2C21.0.0%2CN%3Bsearch%2C21.0.100%2CN%3Bsecurity%2C21.0.0%2CN%3Bseo%2C21.300.0%2CN%3Bsocialservices%2C21.100.0%2CN%3Bsubscribe%2C21.0.0%2CN%3Btranslate%2C21.100.0%2CN%3Bui%2C21.300.0%2CN%3Bvote%2C21.0.0%2CN&reqm=bitrix.sitecorporate%2Cbitrix.siteinfoportal%2Cbitrix.sitepersonal&fullmoduleinfo=Y&SUPD_SRS=RU&SUPD_CMP=N
2021-09-28 08:13:40 -  - exec CUpdateClientPartner::GetHTTPPage
2021-09-28 08:13:40 -  - TIME GetUpdatesList(request) 0.293 sec
2021-09-28 08:13:40 -  - exec CUpdateClientPartner::ParseServerData
2021-09-28 08:13:40 -  - exec CUpdateClientPartner::__CollectRequestData
2021-09-28 08:13:40 -  - exec CUpdateClientPartner::GetHTTPPage
2021-09-28 08:13:40 -  - exec CUpdateClientPartner::ParseServerData
2021-09-29 08:15:19 -  - exec CUpdateClientPartner::__CollectRequestData
2021-09-29 08:15:19 -  - exec CUpdateClientPartner::GetHTTPPage
2021-09-29 08:15:20 -  - exec CUpdateClientPartner::ParseServerData
2021-09-29 08:15:20 -  - exec CUpdateClientPartner::GetUpdatesList
2021-09-29 08:15:20 -  - exec CUpdateClientPartner::__CollectRequestData
2021-09-29 08:15:20 -  - utf=Y&lang=ru&stable=Y&CANGZIP=Y&SUPD_DBS=MYSQL&XE=N&CLIENT_SITE=localhost&LICENSE_KEY=X&SUPD_STS=1&SUPD_URS=0&SUPD_URSA=1&TYPENC=D&CLIENT_PHPVER=7.4.14&NGINX=Y&dbv=5.7.29&instm=main%2C21.400.100%2CY%3Bb24connector%2C21.0.0%2CN%3Bbitrix.sitecorporate%2C15.5.0%2CN%3Bbitrix.siteinfoportal%2C15.5.0%2CN%3Bbitrix.sitepersonal%2C15.5.0%2CN%3Bbitrixcloud%2C21.0.0%2CN%3Bblog%2C21.200.0%2CN%3Bclouds%2C21.100.0%2CN%3Bfileman%2C21.200.0%2CN%3Bform%2C21.0.0%2CN%3Bforum%2C21.100.0%2CN%3Bhighloadblock%2C21.100.0%2CN%3Biblock%2C21.400.100%2CN%3Blanding%2C21.300.300%2CN%3Bmessageservice%2C21.100.0%2CN%3Bmobileapp%2C21.0.50%2CN%3Bperfmon%2C21.0.0%2CN%3Bphotogallery%2C21.0.0%2CN%3Brest%2C21.200.0%2CN%3Bscale%2C21.0.0%2CN%3Bsearch%2C21.0.100%2CN%3Bsecurity%2C21.0.0%2CN%3Bseo%2C21.300.0%2CN%3Bsocialservices%2C21.100.0%2CN%3Bsubscribe%2C21.0.0%2CN%3Btranslate%2C21.100.0%2CN%3Bui%2C21.300.0%2CN%3Bvote%2C21.0.0%2CN&reqm=bitrix.sitecorporate%2Cbitrix.siteinfoportal%2Cbitrix.sitepersonal&fullmoduleinfo=Y&SUPD_SRS=RU&SUPD_CMP=N
2021-09-29 08:15:20 -  - exec CUpdateClientPartner::GetHTTPPage
2021-09-29 08:15:21 -  - TIME GetUpdatesList(request) 0.311 sec
2021-09-29 08:15:21 -  - exec CUpdateClientPartner::ParseServerData
2021-09-29 08:15:21 -  - exec CUpdateClientPartner::__CollectRequestData
2021-09-29 08:15:21 -  - exec CUpdateClientPartner::GetHTTPPage
2021-09-29 08:15:21 -  - exec CUpdateClientPartner::ParseServerData
2021-09-30 08:17:49 -  - exec CUpdateClientPartner::__CollectRequestData
2021-09-30 08:17:49 -  - exec CUpdateClientPartner::GetHTTPPage
2021-09-30 08:17:49 -  - exec CUpdateClientPartner::ParseServerData
2021-09-30 08:17:49 -  - exec CUpdateClientPartner::GetUpdatesList
2021-09-30 08:17:49 -  - exec CUpdateClientPartner::__CollectRequestData
2021-09-30 08:17:49 -  - utf=Y&lang=ru&stable=Y&CANGZIP=Y&SUPD_DBS=MYSQL&XE=N&CLIENT_SITE=localhost&LICENSE_KEY=X&SUPD_STS=1&SUPD_URS=0&SUPD_URSA=1&TYPENC=D&CLIENT_PHPVER=7.4.14&NGINX=Y&dbv=5.7.29&instm=main%2C21.400.100%2CY%3Bb24connector%2C21.0.0%2CN%3Bbitrix.sitecorporate%2C15.5.0%2CN%3Bbitrix.siteinfoportal%2C15.5.0%2CN%3Bbitrix.sitepersonal%2C15.5.0%2CN%3Bbitrixcloud%2C21.0.0%2CN%3Bblog%2C21.200.0%2CN%3Bclouds%2C21.100.0%2CN%3Bfileman%2C21.200.0%2CN%3Bform%2C21.0.0%2CN%3Bforum%2C21.100.0%2CN%3Bhighloadblock%2C21.100.0%2CN%3Biblock%2C21.400.100%2CN%3Blanding%2C21.300.300%2CN%3Bmessageservice%2C21.100.0%2CN%3Bmobileapp%2C21.0.50%2CN%3Bperfmon%2C21.0.0%2CN%3Bphotogallery%2C21.0.0%2CN%3Brest%2C21.200.0%2CN%3Bscale%2C21.0.0%2CN%3Bsearch%2C21.0.100%2CN%3Bsecurity%2C21.0.0%2CN%3Bseo%2C21.300.0%2CN%3Bsocialservices%2C21.100.0%2CN%3Bsubscribe%2C21.0.0%2CN%3Btranslate%2C21.100.0%2CN%3Bui%2C21.300.0%2CN%3Bvote%2C21.0.0%2CN&reqm=bitrix.sitecorporate%2Cbitrix.siteinfoportal%2Cbitrix.sitepersonal&fullmoduleinfo=Y&SUPD_SRS=RU&SUPD_CMP=N
2021-09-30 08:17:49 -  - exec CUpdateClientPartner::GetHTTPPage
2021-09-30 08:17:50 -  - TIME GetUpdatesList(request) 0.305 sec
2021-09-30 08:17:50 -  - exec CUpdateClientPartner::ParseServerData
2021-09-30 08:17:50 -  - exec CUpdateClientPartner::__CollectRequestData
2021-09-30 08:17:50 -  - exec CUpdateClientPartner::GetHTTPPage
2021-09-30 08:17:50 -  - exec CUpdateClientPartner::ParseServerData
2021-10-01 08:18:06 -  - exec CUpdateClientPartner::__CollectRequestData
2021-10-01 08:18:06 -  - exec CUpdateClientPartner::GetHTTPPage
2021-10-01 08:18:06 -  - exec CUpdateClientPartner::ParseServerData
2021-10-01 08:18:06 -  - exec CUpdateClientPartner::GetUpdatesList
2021-10-01 08:18:06 -  - exec CUpdateClientPartner::__CollectRequestData
2021-10-01 08:18:06 -  - utf=Y&lang=ru&stable=Y&CANGZIP=Y&SUPD_DBS=MYSQL&XE=N&CLIENT_SITE=localhost&LICENSE_KEY=X&SUPD_STS=1&SUPD_URS=0&SUPD_URSA=1&TYPENC=D&CLIENT_PHPVER=7.4.14&NGINX=Y&dbv=5.7.29&instm=main%2C21.400.100%2CY%3Bb24connector%2C21.0.0%2CN%3Bbitrix.sitecorporate%2C15.5.0%2CN%3Bbitrix.siteinfoportal%2C15.5.0%2CN%3Bbitrix.sitepersonal%2C15.5.0%2CN%3Bbitrixcloud%2C21.0.0%2CN%3Bblog%2C21.200.0%2CN%3Bclouds%2C21.100.0%2CN%3Bfileman%2C21.200.0%2CN%3Bform%2C21.0.0%2CN%3Bforum%2C21.100.0%2CN%3Bhighloadblock%2C21.100.0%2CN%3Biblock%2C21.400.100%2CN%3Blanding%2C21.300.300%2CN%3Bmessageservice%2C21.100.0%2CN%3Bmobileapp%2C21.0.50%2CN%3Bperfmon%2C21.0.0%2CN%3Bphotogallery%2C21.0.0%2CN%3Brest%2C21.200.0%2CN%3Bscale%2C21.0.0%2CN%3Bsearch%2C21.0.100%2CN%3Bsecurity%2C21.0.0%2CN%3Bseo%2C21.300.0%2CN%3Bsocialservices%2C21.100.0%2CN%3Bsubscribe%2C21.0.0%2CN%3Btranslate%2C21.100.0%2CN%3Bui%2C21.300.0%2CN%3Bvote%2C21.0.0%2CN&reqm=bitrix.sitecorporate%2Cbitrix.siteinfoportal%2Cbitrix.sitepersonal&fullmoduleinfo=Y&SUPD_SRS=RU&SUPD_CMP=N
2021-10-01 08:18:06 -  - exec CUpdateClientPartner::GetHTTPPage
2021-10-01 08:18:07 -  - TIME GetUpdatesList(request) 1.154 sec
2021-10-01 08:18:07 -  - exec CUpdateClientPartner::ParseServerData
2021-10-01 08:18:07 -  - exec CUpdateClientPartner::__CollectRequestData
2021-10-01 08:18:07 -  - exec CUpdateClientPartner::GetHTTPPage
2021-10-01 08:18:09 -  - exec CUpdateClientPartner::ParseServerData
2021-10-04 08:03:07 -  - exec CUpdateClientPartner::__CollectRequestData
2021-10-04 08:03:07 -  - exec CUpdateClientPartner::GetHTTPPage
2021-10-04 08:03:08 -  - exec CUpdateClientPartner::ParseServerData
2021-10-04 08:03:08 -  - exec CUpdateClientPartner::GetUpdatesList
2021-10-04 08:03:08 -  - exec CUpdateClientPartner::__CollectRequestData
2021-10-04 08:03:08 -  - utf=Y&lang=ru&stable=Y&CANGZIP=Y&SUPD_DBS=MYSQL&XE=N&CLIENT_SITE=localhost&LICENSE_KEY=X&SUPD_STS=1&SUPD_URS=0&SUPD_URSA=1&TYPENC=D&CLIENT_PHPVER=7.4.14&NGINX=Y&dbv=5.7.29&instm=main%2C21.400.100%2CY%3Bb24connector%2C21.0.0%2CN%3Bbitrix.sitecorporate%2C15.5.0%2CN%3Bbitrix.siteinfoportal%2C15.5.0%2CN%3Bbitrix.sitepersonal%2C15.5.0%2CN%3Bbitrixcloud%2C21.0.0%2CN%3Bblog%2C21.200.0%2CN%3Bclouds%2C21.100.0%2CN%3Bfileman%2C21.200.0%2CN%3Bform%2C21.0.0%2CN%3Bforum%2C21.100.0%2CN%3Bhighloadblock%2C21.100.0%2CN%3Biblock%2C21.400.100%2CN%3Blanding%2C21.300.300%2CN%3Bmessageservice%2C21.100.0%2CN%3Bmobileapp%2C21.0.50%2CN%3Bperfmon%2C21.0.0%2CN%3Bphotogallery%2C21.0.0%2CN%3Brest%2C21.200.0%2CN%3Bscale%2C21.0.0%2CN%3Bsearch%2C21.0.100%2CN%3Bsecurity%2C21.0.0%2CN%3Bseo%2C21.300.0%2CN%3Bsocialservices%2C21.100.0%2CN%3Bsubscribe%2C21.0.0%2CN%3Btranslate%2C21.100.0%2CN%3Bui%2C21.300.0%2CN%3Bvote%2C21.0.0%2CN&reqm=bitrix.sitecorporate%2Cbitrix.siteinfoportal%2Cbitrix.sitepersonal&fullmoduleinfo=Y&SUPD_SRS=RU&SUPD_CMP=N
2021-10-04 08:03:08 -  - exec CUpdateClientPartner::GetHTTPPage
2021-10-04 08:03:08 -  - TIME GetUpdatesList(request) 0.314 sec
2021-10-04 08:03:08 -  - exec CUpdateClientPartner::ParseServerData
2021-10-04 08:03:08 -  - exec CUpdateClientPartner::__CollectRequestData
2021-10-04 08:03:08 -  - exec CUpdateClientPartner::GetHTTPPage
2021-10-04 08:03:09 -  - exec CUpdateClientPartner::ParseServerData
2021-10-06 08:03:52 -  - exec CUpdateClientPartner::__CollectRequestData
2021-10-06 08:03:52 -  - exec CUpdateClientPartner::GetHTTPPage
2021-10-06 08:03:54 -  - exec CUpdateClientPartner::ParseServerData
2021-10-06 08:03:54 -  - exec CUpdateClientPartner::GetUpdatesList
2021-10-06 08:03:54 -  - exec CUpdateClientPartner::__CollectRequestData
2021-10-06 08:03:54 -  - utf=Y&lang=ru&stable=Y&CANGZIP=Y&SUPD_DBS=MYSQL&XE=N&CLIENT_SITE=localhost&LICENSE_KEY=X&SUPD_STS=1&SUPD_URS=0&SUPD_URSA=1&TYPENC=D&CLIENT_PHPVER=7.4.14&NGINX=Y&dbv=5.7.29&instm=main%2C21.400.100%2CY%3Bb24connector%2C21.0.0%2CN%3Bbitrix.sitecorporate%2C15.5.0%2CN%3Bbitrix.siteinfoportal%2C15.5.0%2CN%3Bbitrix.sitepersonal%2C15.5.0%2CN%3Bbitrixcloud%2C21.0.0%2CN%3Bblog%2C21.200.0%2CN%3Bclouds%2C21.100.0%2CN%3Bfileman%2C21.200.0%2CN%3Bform%2C21.0.0%2CN%3Bforum%2C21.100.0%2CN%3Bhighloadblock%2C21.100.0%2CN%3Biblock%2C21.400.100%2CN%3Blanding%2C21.300.300%2CN%3Bmessageservice%2C21.100.0%2CN%3Bmobileapp%2C21.0.50%2CN%3Bperfmon%2C21.0.0%2CN%3Bphotogallery%2C21.0.0%2CN%3Brest%2C21.200.0%2CN%3Bscale%2C21.0.0%2CN%3Bsearch%2C21.0.100%2CN%3Bsecurity%2C21.0.0%2CN%3Bseo%2C21.300.0%2CN%3Bsocialservices%2C21.100.0%2CN%3Bsubscribe%2C21.0.0%2CN%3Btranslate%2C21.100.0%2CN%3Bui%2C21.300.0%2CN%3Bvote%2C21.0.0%2CN&reqm=bitrix.sitecorporate%2Cbitrix.siteinfoportal%2Cbitrix.sitepersonal&fullmoduleinfo=Y&SUPD_SRS=RU&SUPD_CMP=N
2021-10-06 08:03:54 -  - exec CUpdateClientPartner::GetHTTPPage
2021-10-06 08:03:59 -  - exec CUpdateClientPartner::__CollectRequestData
2021-10-06 08:04:00 -  - exec CUpdateClientPartner::GetHTTPPage
2021-10-06 08:04:03 -  - exec CUpdateClientPartner::__CollectRequestData
2021-10-06 08:04:03 -  - exec CUpdateClientPartner::GetHTTPPage
2021-10-06 08:04:05 -  - exec CUpdateClientPartner::ParseServerData
2021-10-06 08:04:05 -  - exec CUpdateClientPartner::GetUpdatesList
2021-10-06 08:04:05 -  - exec CUpdateClientPartner::__CollectRequestData
2021-10-06 08:04:05 -  - utf=Y&lang=ru&stable=Y&CANGZIP=Y&SUPD_DBS=MYSQL&XE=N&CLIENT_SITE=localhost&LICENSE_KEY=X&SUPD_STS=1&SUPD_URS=0&SUPD_URSA=1&TYPENC=D&CLIENT_PHPVER=7.4.14&NGINX=Y&dbv=5.7.29&instm=main%2C21.400.100%2CY%3Bb24connector%2C21.0.0%2CN%3Bbitrix.sitecorporate%2C15.5.0%2CN%3Bbitrix.siteinfoportal%2C15.5.0%2CN%3Bbitrix.sitepersonal%2C15.5.0%2CN%3Bbitrixcloud%2C21.0.0%2CN%3Bblog%2C21.200.0%2CN%3Bclouds%2C21.100.0%2CN%3Bfileman%2C21.200.0%2CN%3Bform%2C21.0.0%2CN%3Bforum%2C21.100.0%2CN%3Bhighloadblock%2C21.100.0%2CN%3Biblock%2C21.400.100%2CN%3Blanding%2C21.300.300%2CN%3Bmessageservice%2C21.100.0%2CN%3Bmobileapp%2C21.0.50%2CN%3Bperfmon%2C21.0.0%2CN%3Bphotogallery%2C21.0.0%2CN%3Brest%2C21.200.0%2CN%3Bscale%2C21.0.0%2CN%3Bsearch%2C21.0.100%2CN%3Bsecurity%2C21.0.0%2CN%3Bseo%2C21.300.0%2CN%3Bsocialservices%2C21.100.0%2CN%3Bsubscribe%2C21.0.0%2CN%3Btranslate%2C21.100.0%2CN%3Bui%2C21.300.0%2CN%3Bvote%2C21.0.0%2CN&reqm=bitrix.sitecorporate%2Cbitrix.siteinfoportal%2Cbitrix.sitepersonal&fullmoduleinfo=Y&SUPD_SRS=RU&SUPD_CMP=N
2021-10-06 08:04:05 -  - exec CUpdateClientPartner::GetHTTPPage
2021-10-06 08:04:08 -  - exec CUpdateClientPartner::ParseServerData
2021-10-06 08:04:08 -  - exec CUpdateClientPartner::GetUpdatesList
2021-10-06 08:04:08 -  - exec CUpdateClientPartner::__CollectRequestData
2021-10-06 08:04:08 -  - utf=Y&lang=ru&stable=Y&CANGZIP=Y&SUPD_DBS=MYSQL&XE=N&CLIENT_SITE=localhost&LICENSE_KEY=X&SUPD_STS=1&SUPD_URS=0&SUPD_URSA=1&TYPENC=D&CLIENT_PHPVER=7.4.14&NGINX=Y&dbv=5.7.29&instm=main%2C21.400.100%2CY%3Bb24connector%2C21.0.0%2CN%3Bbitrix.sitecorporate%2C15.5.0%2CN%3Bbitrix.siteinfoportal%2C15.5.0%2CN%3Bbitrix.sitepersonal%2C15.5.0%2CN%3Bbitrixcloud%2C21.0.0%2CN%3Bblog%2C21.200.0%2CN%3Bclouds%2C21.100.0%2CN%3Bfileman%2C21.200.0%2CN%3Bform%2C21.0.0%2CN%3Bforum%2C21.100.0%2CN%3Bhighloadblock%2C21.100.0%2CN%3Biblock%2C21.400.100%2CN%3Blanding%2C21.300.300%2CN%3Bmessageservice%2C21.100.0%2CN%3Bmobileapp%2C21.0.50%2CN%3Bperfmon%2C21.0.0%2CN%3Bphotogallery%2C21.0.0%2CN%3Brest%2C21.200.0%2CN%3Bscale%2C21.0.0%2CN%3Bsearch%2C21.0.100%2CN%3Bsecurity%2C21.0.0%2CN%3Bseo%2C21.300.0%2CN%3Bsocialservices%2C21.100.0%2CN%3Bsubscribe%2C21.0.0%2CN%3Btranslate%2C21.100.0%2CN%3Bui%2C21.300.0%2CN%3Bvote%2C21.0.0%2CN&reqm=bitrix.sitecorporate%2Cbitrix.siteinfoportal%2Cbitrix.sitepersonal&fullmoduleinfo=Y&SUPD_SRS=RU&SUPD_CMP=N
2021-10-06 08:04:08 -  - exec CUpdateClientPartner::GetHTTPPage
2021-10-06 08:04:14 -  - TIME GetUpdatesList(request) 20.156 sec
2021-10-06 08:04:14 -  - TIME GetUpdatesList(request) 9.153 sec
2021-10-06 08:04:14 -  - exec CUpdateClientPartner::ParseServerData
2021-10-06 08:04:14 -  - exec CUpdateClientPartner::ParseServerData
2021-10-06 08:04:14 -  - exec CUpdateClientPartner::__CollectRequestData
2021-10-06 08:04:14 -  - exec CUpdateClientPartner::__CollectRequestData
2021-10-06 08:04:14 -  - exec CUpdateClientPartner::GetHTTPPage
2021-10-06 08:04:14 -  - exec CUpdateClientPartner::GetHTTPPage
2021-10-06 08:04:15 -  - exec CUpdateClientPartner::ParseServerData
2021-10-06 08:04:15 -  - exec CUpdateClientPartner::ParseServerData
2021-10-06 08:04:45 -  - TIME GetUpdatesList(request) 36.792 sec
2021-10-06 08:04:45 -  - exec CUpdateClientPartner::ParseServerData
2021-10-06 08:04:45 -  - exec CUpdateClientPartner::__CollectRequestData
2021-10-06 08:04:45 -  - exec CUpdateClientPartner::GetHTTPPage
2021-10-06 08:04:46 -  - exec CUpdateClientPartner::ParseServerData
